0 silly argv {
0 silly argv   _: [ 'version' ],
0 silly argv   yes: true,
0 silly argv   y: true,
0 silly argv   lernaVersion: '3.22.1',
0 silly argv   '$0': 'lerna',
0 silly argv   bump: '3.5.0-rc.5'
0 silly argv }
1 notice cli v3.22.1
2 verbose rootPath /Users/zhaoyiming/Desktop/github/test-lerna-repo
3 info current version 3.5.0-rc.5
4 silly isAnythingCommitted
5 verbose isAnythingCommitted 1
6 silly currentBranch
7 verbose currentBranch test2
8 silly remoteBranchExists
9 silly isBehindUpstream
10 silly isBehindUpstream test2 is behind origin/test2 by 0 commit(s) and ahead by 1
11 silly hasTags
12 verbose hasTags true
13 silly git-describe.sync "v3.5.0-rc.5-1-gb48b8b0" => {"lastTagName":"v3.5.0-rc.5","lastVersion":"v3.5.0-rc.5","refCount":"1","sha":"b48b8b0","isDirty":false}
14 info Looking for changed packages since v3.5.0-rc.5
15 verbose updated @test-lerna-repo/test-lerna-repo-a
16 verbose updated @test-lerna-repo/test-lerna-repo-b
17 verbose git-describe undefined => "v3.5.0-rc.5-1-gb48b8b0"
18 silly git-describe parsed => {"lastTagName":"v3.5.0-rc.5","lastVersion":"v3.5.0-rc.5","refCount":"1","sha":"b48b8b0","isDirty":false}
19 info auto-confirmed
20 info execute Skipping releases
21 silly lifecycle No script for "preversion" in "root", continuing
22 silly lifecycle No script for "preversion" in "@test-lerna-repo/test-lerna-repo-a", continuing
23 silly lifecycle No script for "preversion" in "@test-lerna-repo/test-lerna-repo-b", continuing
24 silly lifecycle No script for "version" in "@test-lerna-repo/test-lerna-repo-b", continuing
25 silly lifecycle No script for "version" in "@test-lerna-repo/test-lerna-repo-a", continuing
26 silly lifecycle No script for "version" in "root", continuing
27 silly gitAdd [
27 silly gitAdd   'packages/test-lerna-repo-b/package.json',
27 silly gitAdd   'packages/test-lerna-repo-a/package.json',
27 silly gitAdd   'packages/test-lerna-repo-a/package-lock.json',
27 silly gitAdd   'lerna.json'
27 silly gitAdd ]
28 silly gitCommit v3.5.0-rc.5
29 verbose git [ 'commit', '-m', 'v3.5.0-rc.5' ]
30 error Error: Command failed: git commit -m v3.5.0-rc.5
30 error On branch test2
30 error nothing to commit, working tree clean
30 error
30 error     at makeError (/Users/zhaoyiming/Desktop/github/test-lerna-repo/node_modules/execa/index.js:174:9)
30 error     at /Users/zhaoyiming/Desktop/github/test-lerna-repo/node_modules/execa/index.js:278:16
30 error     at processTicksAndRejections (node:internal/process/task_queues:96:5)
